c:\users\mojta\documents\visual studio 2015\projects\kmdfinjectiondriver - asm apc\kmdfinjectiondriver\x64\debug\vc140.pdb
c:\users\mojta\documents\visual studio 2015\projects\kmdfinjectiondriver - asm apc\kmdfinjectiondriver\x64\debug\utils.obj
c:\users\mojta\documents\visual studio 2015\projects\kmdfinjectiondriver - asm apc\kmdfinjectiondriver\x64\debug\driver.obj
c:\users\mojta\documents\visual studio 2015\projects\kmdfinjectiondriver - asm apc\x64\debug\kmdfinjectiondriver\kmdfinjectiondriver.cat
c:\users\mojta\documents\visual studio 2015\projects\kmdfinjectiondriver - asm apc\x64\debug\kmdfinjectiondriver.sys
c:\users\mojta\documents\visual studio 2015\projects\kmdfinjectiondriver - asm apc\x64\debug\kmdfinjectiondriver.pdb
c:\users\mojta\documents\visual studio 2015\projects\kmdfinjectiondriver - asm apc\kmdfinjectiondriver\x64\debug\kmdfinjectiondriver.inf
c:\users\mojta\desktop\to be uploaded\system wide injection driver\x64\debug\kmdfinjectiondriver.cer
c:\users\mojta\desktop\to be uploaded\system wide injection driver\x64\debug\kmdfinjectiondriver.inf
c:\users\mojta\desktop\to be uploaded\system wide injection driver\kmdfinjectiondriver\x64\debug\driver.obj
c:\users\mojta\desktop\to be uploaded\system wide injection driver\kmdfinjectiondriver\x64\debug\utils.obj
c:\users\mojta\desktop\to be uploaded\system wide injection driver\kmdfinjectiondriver\x64\debug\vc140.pdb
c:\users\mojta\desktop\to be uploaded\system wide injection driver\x64\debug\kmdfinjectiondriver.pdb
c:\users\mojta\desktop\to be uploaded\system wide injection driver\x64\debug\kmdfinjectiondriver.sys
c:\users\mojta\desktop\to be uploaded\system wide injection driver\kmdfinjectiondriver\x64\debug\kmdfinje.d545e101.tlog\cl.command.1.tlog
c:\users\mojta\desktop\to be uploaded\system wide injection driver\kmdfinjectiondriver\x64\debug\kmdfinje.d545e101.tlog\cl.read.1.tlog
c:\users\mojta\desktop\to be uploaded\system wide injection driver\kmdfinjectiondriver\x64\debug\kmdfinje.d545e101.tlog\cl.write.1.tlog
c:\users\mojta\desktop\to be uploaded\system wide injection driver\kmdfinjectiondriver\x64\debug\kmdfinje.d545e101.tlog\inf2cat-expand.11672.read.1.tlog
c:\users\mojta\desktop\to be uploaded\system wide injection driver\kmdfinjectiondriver\x64\debug\kmdfinje.d545e101.tlog\inf2cat-expand.11672.write.1.tlog
c:\users\mojta\desktop\to be uploaded\system wide injection driver\kmdfinjectiondriver\x64\debug\kmdfinje.d545e101.tlog\inf2cat-expand.11756.read.1.tlog
c:\users\mojta\desktop\to be uploaded\system wide injection driver\kmdfinjectiondriver\x64\debug\kmdfinje.d545e101.tlog\inf2cat-expand.11756.write.1.tlog
c:\users\mojta\desktop\to be uploaded\system wide injection driver\kmdfinjectiondriver\x64\debug\kmdfinje.d545e101.tlog\inf2cat-expand.12004.read.1.tlog
c:\users\mojta\desktop\to be uploaded\system wide injection driver\kmdfinjectiondriver\x64\debug\kmdfinje.d545e101.tlog\inf2cat-expand.12004.write.1.tlog
c:\users\mojta\desktop\to be uploaded\system wide injection driver\kmdfinjectiondriver\x64\debug\kmdfinje.d545e101.tlog\inf2cat-expand.12056.read.1.tlog
c:\users\mojta\desktop\to be uploaded\system wide injection driver\kmdfinjectiondriver\x64\debug\kmdfinje.d545e101.tlog\inf2cat-expand.12056.write.1.tlog
c:\users\mojta\desktop\to be uploaded\system wide injection driver\kmdfinjectiondriver\x64\debug\kmdfinje.d545e101.tlog\inf2cat-expand.12372.read.1.tlog
c:\users\mojta\desktop\to be uploaded\system wide injection driver\kmdfinjectiondriver\x64\debug\kmdfinje.d545e101.tlog\inf2cat-expand.12372.write.1.tlog
c:\users\mojta\desktop\to be uploaded\system wide injection driver\kmdfinjectiondriver\x64\debug\kmdfinje.d545e101.tlog\inf2cat-expand.12500.read.1.tlog
c:\users\mojta\desktop\to be uploaded\system wide injection driver\kmdfinjectiondriver\x64\debug\kmdfinje.d545e101.tlog\inf2cat-expand.12500.write.1.tlog
c:\users\mojta\desktop\to be uploaded\system wide injection driver\kmdfinjectiondriver\x64\debug\kmdfinje.d545e101.tlog\inf2cat-expand.12740.read.1.tlog
c:\users\mojta\desktop\to be uploaded\system wide injection driver\kmdfinjectiondriver\x64\debug\kmdfinje.d545e101.tlog\inf2cat-expand.12740.write.1.tlog
c:\users\mojta\desktop\to be uploaded\system wide injection driver\kmdfinjectiondriver\x64\debug\kmdfinje.d545e101.tlog\inf2cat-expand.13648.read.1.tlog
c:\users\mojta\desktop\to be uploaded\system wide injection driver\kmdfinjectiondriver\x64\debug\kmdfinje.d545e101.tlog\inf2cat-expand.13648.write.1.tlog
c:\users\mojta\desktop\to be uploaded\system wide injection driver\kmdfinjectiondriver\x64\debug\kmdfinje.d545e101.tlog\inf2cat-expand.13888.read.1.tlog
c:\users\mojta\desktop\to be uploaded\system wide injection driver\kmdfinjectiondriver\x64\debug\kmdfinje.d545e101.tlog\inf2cat-expand.13888.write.1.tlog
c:\users\mojta\desktop\to be uploaded\system wide injection driver\kmdfinjectiondriver\x64\debug\kmdfinje.d545e101.tlog\inf2cat-expand.14564.read.1.tlog
c:\users\mojta\desktop\to be uploaded\system wide injection driver\kmdfinjectiondriver\x64\debug\kmdfinje.d545e101.tlog\inf2cat-expand.14564.write.1.tlog
c:\users\mojta\desktop\to be uploaded\system wide injection driver\kmdfinjectiondriver\x64\debug\kmdfinje.d545e101.tlog\inf2cat-expand.15052.read.1.tlog
c:\users\mojta\desktop\to be uploaded\system wide injection driver\kmdfinjectiondriver\x64\debug\kmdfinje.d545e101.tlog\inf2cat-expand.15052.write.1.tlog
c:\users\mojta\desktop\to be uploaded\system wide injection driver\kmdfinjectiondriver\x64\debug\kmdfinje.d545e101.tlog\inf2cat-expand.15068.read.1.tlog
c:\users\mojta\desktop\to be uploaded\system wide injection driver\kmdfinjectiondriver\x64\debug\kmdfinje.d545e101.tlog\inf2cat-expand.15068.write.1.tlog
c:\users\mojta\desktop\to be uploaded\system wide injection driver\kmdfinjectiondriver\x64\debug\kmdfinje.d545e101.tlog\inf2cat-expand.15088.read.1.tlog
c:\users\mojta\desktop\to be uploaded\system wide injection driver\kmdfinjectiondriver\x64\debug\kmdfinje.d545e101.tlog\inf2cat-expand.15088.write.1.tlog
c:\users\mojta\desktop\to be uploaded\system wide injection driver\kmdfinjectiondriver\x64\debug\kmdfinje.d545e101.tlog\inf2cat-expand.15280.read.1.tlog
c:\users\mojta\desktop\to be uploaded\system wide injection driver\kmdfinjectiondriver\x64\debug\kmdfinje.d545e101.tlog\inf2cat-expand.15280.write.1.tlog
c:\users\mojta\desktop\to be uploaded\system wide injection driver\kmdfinjectiondriver\x64\debug\kmdfinje.d545e101.tlog\inf2cat-expand.4928.read.1.tlog
c:\users\mojta\desktop\to be uploaded\system wide injection driver\kmdfinjectiondriver\x64\debug\kmdfinje.d545e101.tlog\inf2cat-expand.4928.write.1.tlog
c:\users\mojta\desktop\to be uploaded\system wide injection driver\kmdfinjectiondriver\x64\debug\kmdfinje.d545e101.tlog\inf2cat-expand.5988.read.1.tlog
c:\users\mojta\desktop\to be uploaded\system wide injection driver\kmdfinjectiondriver\x64\debug\kmdfinje.d545e101.tlog\inf2cat-expand.5988.write.1.tlog
c:\users\mojta\desktop\to be uploaded\system wide injection driver\kmdfinjectiondriver\x64\debug\kmdfinje.d545e101.tlog\inf2cat-expand.6324.read.1.tlog
c:\users\mojta\desktop\to be uploaded\system wide injection driver\kmdfinjectiondriver\x64\debug\kmdfinje.d545e101.tlog\inf2cat-expand.6324.write.1.tlog
c:\users\mojta\desktop\to be uploaded\system wide injection driver\kmdfinjectiondriver\x64\debug\kmdfinje.d545e101.tlog\inf2cat-expand.6372.read.1.tlog
c:\users\mojta\desktop\to be uploaded\system wide injection driver\kmdfinjectiondriver\x64\debug\kmdfinje.d545e101.tlog\inf2cat-expand.6372.write.1.tlog
c:\users\mojta\desktop\to be uploaded\system wide injection driver\kmdfinjectiondriver\x64\debug\kmdfinje.d545e101.tlog\inf2cat-expand.6948.read.1.tlog
c:\users\mojta\desktop\to be uploaded\system wide injection driver\kmdfinjectiondriver\x64\debug\kmdfinje.d545e101.tlog\inf2cat-expand.6948.write.1.tlog
c:\users\mojta\desktop\to be uploaded\system wide injection driver\kmdfinjectiondriver\x64\debug\kmdfinje.d545e101.tlog\inf2cat-expand.8280.read.1.tlog
c:\users\mojta\desktop\to be uploaded\system wide injection driver\kmdfinjectiondriver\x64\debug\kmdfinje.d545e101.tlog\inf2cat-expand.8280.write.1.tlog
c:\users\mojta\desktop\to be uploaded\system wide injection driver\kmdfinjectiondriver\x64\debug\kmdfinje.d545e101.tlog\inf2cat-expand.8464.read.1.tlog
c:\users\mojta\desktop\to be uploaded\system wide injection driver\kmdfinjectiondriver\x64\debug\kmdfinje.d545e101.tlog\inf2cat-expand.8464.write.1.tlog
c:\users\mojta\desktop\to be uploaded\system wide injection driver\kmdfinjectiondriver\x64\debug\kmdfinje.d545e101.tlog\inf2cat-expand.8724.read.1.tlog
c:\users\mojta\desktop\to be uploaded\system wide injection driver\kmdfinjectiondriver\x64\debug\kmdfinje.d545e101.tlog\inf2cat-expand.8724.write.1.tlog
c:\users\mojta\desktop\to be uploaded\system wide injection driver\kmdfinjectiondriver\x64\debug\kmdfinje.d545e101.tlog\inf2cat-expand.8900.read.1.tlog
c:\users\mojta\desktop\to be uploaded\system wide injection driver\kmdfinjectiondriver\x64\debug\kmdfinje.d545e101.tlog\inf2cat-expand.8900.write.1.tlog
c:\users\mojta\desktop\to be uploaded\system wide injection driver\kmdfinjectiondriver\x64\debug\kmdfinje.d545e101.tlog\inf2cat-expand.8912.read.1.tlog
c:\users\mojta\desktop\to be uploaded\system wide injection driver\kmdfinjectiondriver\x64\debug\kmdfinje.d545e101.tlog\inf2cat-expand.8912.write.1.tlog
c:\users\mojta\desktop\to be uploaded\system wide injection driver\kmdfinjectiondriver\x64\debug\kmdfinje.d545e101.tlog\inf2cat-expand.9020.read.1.tlog
c:\users\mojta\desktop\to be uploaded\system wide injection driver\kmdfinjectiondriver\x64\debug\kmdfinje.d545e101.tlog\inf2cat-expand.9020.write.1.tlog
c:\users\mojta\desktop\to be uploaded\system wide injection driver\kmdfinjectiondriver\x64\debug\kmdfinje.d545e101.tlog\inf2cat-expand.9836.read.1.tlog
c:\users\mojta\desktop\to be uploaded\system wide injection driver\kmdfinjectiondriver\x64\debug\kmdfinje.d545e101.tlog\inf2cat-expand.9836.write.1.tlog
c:\users\mojta\desktop\to be uploaded\system wide injection driver\kmdfinjectiondriver\x64\debug\kmdfinje.d545e101.tlog\inf2cat-expand.read.1.tlog
c:\users\mojta\desktop\to be uploaded\system wide injection driver\kmdfinjectiondriver\x64\debug\kmdfinje.d545e101.tlog\inf2cat-expand.write.1.tlog
c:\users\mojta\desktop\to be uploaded\system wide injection driver\kmdfinjectiondriver\x64\debug\kmdfinje.d545e101.tlog\inf2cat.command.1.tlog
c:\users\mojta\desktop\to be uploaded\system wide injection driver\kmdfinjectiondriver\x64\debug\kmdfinje.d545e101.tlog\inf2cat.read.1.tlog
c:\users\mojta\desktop\to be uploaded\system wide injection driver\kmdfinjectiondriver\x64\debug\kmdfinje.d545e101.tlog\inf2cat.write.1.tlog
c:\users\mojta\desktop\to be uploaded\system wide injection driver\kmdfinjectiondriver\x64\debug\kmdfinje.d545e101.tlog\link.command.1.tlog
c:\users\mojta\desktop\to be uploaded\system wide injection driver\kmdfinjectiondriver\x64\debug\kmdfinje.d545e101.tlog\link.read.1.tlog
c:\users\mojta\desktop\to be uploaded\system wide injection driver\kmdfinjectiondriver\x64\debug\kmdfinje.d545e101.tlog\link.write.1.tlog
c:\users\mojta\desktop\to be uploaded\system wide injection driver\kmdfinjectiondriver\x64\debug\kmdfinje.d545e101.tlog\signtool.command.1.tlog
c:\users\mojta\desktop\to be uploaded\system wide injection driver\kmdfinjectiondriver\x64\debug\kmdfinje.d545e101.tlog\signtool.read.1.tlog
c:\users\mojta\desktop\to be uploaded\system wide injection driver\kmdfinjectiondriver\x64\debug\kmdfinje.d545e101.tlog\signtool.timestamp.1.tlog
c:\users\mojta\desktop\to be uploaded\system wide injection driver\kmdfinjectiondriver\x64\debug\kmdfinje.d545e101.tlog\signtool.write.1.tlog
c:\users\mojta\desktop\to be uploaded\system wide injection driver\kmdfinjectiondriver\x64\debug\kmdfinje.d545e101.tlog\stampinf.command.1.tlog
c:\users\mojta\desktop\to be uploaded\system wide injection driver\kmdfinjectiondriver\x64\debug\kmdfinje.d545e101.tlog\stampinf.read.1.tlog
c:\users\mojta\desktop\to be uploaded\system wide injection driver\kmdfinjectiondriver\x64\debug\kmdfinje.d545e101.tlog\stampinf.write.1.tlog
